
ROM used:   2143/8192 (26%)
            2442/8192 (30%) including unused fragments

            1.2 Average locations per line
            7.8 Average locations per statement

RAM used:   43/368 (12%) at main() level
            75/368 (20%) worst case

Stack used: 7 worst case (5 in main + 2 for interrupts)
Stack size: 8

Lines Stmts  %   Files
----- ----- ---  -----
  114    48  18  p7.c
  696     0   0  ..\..\..\..\..\..\Program Files (x86)\PICC\Devices\16F877a.h
   37     0   0  ..\..\..\..\..\..\Program Files (x86)\PICC\Drivers\stdio.h
  423   125  46  ..\..\..\..\..\..\Program Files (x86)\PICC\Drivers\string.h
   32     0   0  ..\..\..\..\..\..\Program Files (x86)\PICC\Drivers\stddef.h
   28     0   0  ..\..\..\..\..\..\Program Files (x86)\PICC\Drivers\ctype.h
  456   100  37  ..\..\..\..\..\..\Program Files (x86)\PICC\Drivers\lcd.c
----- -----
 1786   273 Total

Page ROM  %  RAM    Vol Diff  Functions:
---- --- --- ---    --- ----  ----------
0     21   1    1             @delay_ms1
 Inline         3    760  4.5  lcd_read_byte
0     49   2    2    262  3.7  lcd_read_nibble
0     47   2    1    399  2.4  lcd_send_nibble
0    120   6    3    415  3.7  lcd_send_byte
0     88   4    6    852  6.2  lcd_init
0     18   1    4    208  6.3  lcd_gotoxy
0     44   2    1    354  4.7  lcd_putc
0      7   0    0     13  1.0  ext_isr
0     69   3    0    298  4.1  ext_isr2
0     63   3   10             @FLT
0     26   1    0     69  2.3  interrupcion_RDA
0     29   1    2             @ITOF
1    394  18    4    874  4.8  MAIN
0     16   1    0             @const824
0     88   4    4             @PSTRINGC7_793
0     13   1    0             @const829
0     87   4    5             @PSTRINGCN7_793
0    117   5   13             @MULFF
0     31   1    5             @FTOSD
0     79   4   13             @DIV3232
0    195   9   13             @PRINTF_L32D_793FPFPF
0    202   9   14             @DIVFF
0    201   9   13             @PRINTF_L32D_9600_62_63FPFPF
0     11   1    0             @const850
0     33   2    4             @SFTOI
 Inline         0             @cinit1

Program metrics:
    Functions               11
    Statements              273
    Comments                410
    Volume (V)              7061
    Difficulty (D)          42.7
    Effort to implement (E) 301591
    Time to implement (T)   4 hours, 39 minutes
    Est Delivered Bugs (B)  1
    Cyclomatic Complexity   12
    Maintainability (MI)    83

 Segment     Used  Free
-----------  ----  ----
00000-00003     4  0  
00004-0005E    91  0  
0005F-007FF  1654  299  
00800-00FFF   394  1654  
01000-017FF     0  2048  
01800-01FFF     0  2048  



