
ROM used:   2099/8192 (26%)
            2433/8192 (30%) including unused fragments

            0.6 Average locations per line
            6.0 Average locations per statement

RAM used:   23/368 (6%) at main() level
            53/368 (14%) worst case

Stack used: 0 worst case (0 in main + 0 for interrupts)
Stack size: 8

Lines Stmts  %   Files
----- ----- ---  -----
   61    25   7  practica14.c
  696     0   0  C:\Program Files (x86)\PICC\Devices\16F877a.h
 2229   257  74  C:\Program Files (x86)\PICC\Drivers\math.h
  344    67  19  C:\Program Files (x86)\PICC\Drivers\lcd_c.c
----- -----
 3330   349 Total

Page ROM  %  RAM    Vol Diff  Functions:
---- --- --- ---    --- ----  ----------
0     20   1    1             @delay_ms1
0     63   3   10             @FLT
0     31   1    2             @ITOF
0    117   6   13             @MULFF
0    321  15   16             @ADDFF
0    202  10   14             @DIVFF
0    145   7   18    510 10.6  sqrt
0      8   0    0             @const823
 Inline         3    587  6.0  lcd_read_byte
0      6   0    0     59  4.2  lcd_read_nibble
0     15   1    1    172  3.4  lcd_send_nibble
0     61   3    3    317  4.3  lcd_send_byte
0     48   2    2    624  5.8  lcd_init
 Inline         4    186  5.5  lcd_gotoxy
0     52   2    1    272  4.1  lcd_putc
1    385  18   16    896  7.3  MAIN
0     12   1    0             @const852
0     86   4    4             @PSTRINGC7_840
0     15   1    0             @const858
0      9   0    0             @const859
0     87   4    5             @PSTRINGCN7_840
 Inline         5             @FTOSD
0     79   4   13             @DIV3232
0    226  11   13             @PRINTF_L32D_840FPFPF
0      6   0    0             @const870
0    101   5    9             @PRINTF_LU_840
 Inline         0             @cinit1

Program metrics:
    Functions               9
    Statements              349
    Comments                494
    Volume (V)              5588
    Difficulty (D)          47.4
    Effort to implement (E) 264666
    Time to implement (T)   4 hours, 5 minutes
    Est Delivered Bugs (B)  1
    Cyclomatic Complexity   12
    Maintainability (MI)    34

 Segment     Used  Free
-----------  ----  ----
00000-00003     4  0  
00004-007FF  1710  334  
00800-00FFF   385  1663  
01000-017FF     0  2048  
01800-01FFF     0  2048  



